commit 50b0edd461b71848df368af404987042252923b0
Author: vv <cw68ster@gmail.com>
Date:   Mon Oct 18 13:39:38 2021 +0800

    add license

commit 1ca0ecbf04f060b0a2196107e8aad42785ab5843
Author: vv <cw68ster@gmail.com>
Date:   Mon Oct 18 13:31:30 2021 +0800

    add license

commit eaed7229fab4c7d6525c4475a2686fedd2ce9185
Author: vv <cw68ster@gmail.com>
Date:   Mon Oct 18 12:59:06 2021 +0800

    U

commit f64adef4ac162335f7939e8a918b8df2e94bc997
Author: vv <cw68ster@gmail.com>
Date:   Mon Oct 18 12:46:12 2021 +0800

    update

commit b5fd6f20c1204265f403cb80c818f803c9e9af25
Merge: 28f5229 6ac2183
Author: vv <cw68ster@gmail.com>
Date:   Mon Oct 18 12:39:15 2021 +0800

    Merge remote-tracking branch 'origin/base-line' into base-line

commit 28f522982cb4284a55cf9b45b7bac39493e8358e
Author: vv <cw68ster@gmail.com>
Date:   Mon Oct 18 12:35:21 2021 +0800

    U

commit b9f0528f5d3b9eb3d126998d72c5d08a3d22873d
Merge: 11f5ce0 86492ba
Author: vv <cw68ster@gmail.com>
Date:   Mon Oct 18 12:34:04 2021 +0800

    Merge remote-tracking branch 'source/async-ck' into base-line
    
    # Conflicts:
    #       rocketmq-streams-commons/src/main/java/org/apache/rocketmq/streams/common/utils/DataTypeUtil.java
    #       rocketmq-streams-commons/src/main/java/org/apache/rocketmq/streams/common/utils/SQLUtil.java
    #       rocketmq-streams-state/src/main/java/org/apache/rocketmq/streams/state/kv/rocksdb/RocksDBOperator.java
    #       rocketmq-streams-state/src/main/java/org/apache/rocketmq/streams/state/kv/rocksdb/RocksdbState.java
    #       rocketmq-streams-window/src/main/java/org/apache/rocketmq/streams/window/operator/impl/SessionOperator.java
    #       rocketmq-streams-window/src/main/java/org/apache/rocketmq/streams/window/operator/impl/SessionWindow.java
    #       rocketmq-streams-window/src/main/java/org/apache/rocketmq/streams/window/source/WindowFireSource.java
    #       rocketmq-streams-window/src/main/java/org/apache/rocketmq/streams/window/storage/WindowStorage.java

commit 11f5ce03deba86b67350822f0a454bd79fd67b92
Author: vv <cw68ster@gmail.com>
Date:   Mon Oct 18 12:27:39 2021 +0800

    U

commit d6afbc2491b052a66ed6c4e67f0f0272e6ea1846
Author: vv <cw68ster@gmail.com>
Date:   Mon Oct 18 09:54:36 2021 +0800

    U

commit 99cd589072dbc9d9ec8c83a0b4b8fc368ed565bf
Author: vv <cw68ster@gmail.com>
Date:   Thu Oct 14 10:55:08 2021 +0800

    U

commit 5114fa4c47486d6fa88669db9d381f41c0d7344c
Author: vv <cw68ster@gmail.com>
Date:   Thu Oct 14 10:43:13 2021 +0800

    bug fix

commit 6ac21839125419cee3c0adb9a10550a64735410d
Merge: 82d65e9 86492ba
Author: cyril <cw68ster@gmail.com>
Date:   Thu Oct 14 10:11:19 2021 +0800

    Merge branch 'async-ck' into base-line

commit 86492bad6b9aac8ef499bc330da62e35f151c08f
Merge: 1aba22f fae5586
Author: yuanxiaodong <yuan_xiao_dong@163.com>
Date:   Thu Oct 14 10:06:12 2021 +0800

    Merge pull request #79 from speak2me/async-ck-local
    
    [ISSUE #73 #74] session window and count(distinct) implementation

commit 1aba22f23582feca4f51adb6671b88a431688655
Merge: 9d46ef1 20aa8bd
Author: yuanxiaodong <yuan_xiao_dong@163.com>
Date:   Thu Oct 14 10:03:42 2021 +0800

    Merge pull request #71 from speak2me/commit_20210923
    
    #73 #74 session window and count(distinct) implementation

commit 82d65e91aba3fad7b8cf0dac468cf6a7e581d8cf
Author: vv <cw68ster@gmail.com>
Date:   Sun Oct 3 16:18:56 2021 +0800

    U

commit 3d95dcd48fdce5120748c24f782ec5ecb0463ad0
Author: vv <cw68ster@gmail.com>
Date:   Sun Oct 3 16:16:28 2021 +0800

    merge

commit 2204342b970f607ba8a8caa9e5f4dcc34b969950
Merge: c2a4043 9d46ef1
Author: vv <cw68ster@gmail.com>
Date:   Sun Oct 3 16:12:52 2021 +0800

    Merge remote-tracking branch 'source/async-ck' into base-line
    
    # Conflicts:
    #       pom.xml
    #       rocketmq-streams-checkpoint/src/main/java/org/apache/rocketmq/streams/checkpoint/db/DBCheckPointStorage.java
    #       rocketmq-streams-commons/src/main/java/org/apache/rocketmq/streams/common/channel/AbstractChannel.java
    #       rocketmq-streams-commons/src/main/java/org/apache/rocketmq/streams/common/channel/impl/memory/MemoryChannel.java
    #       rocketmq-streams-commons/src/main/java/org/apache/rocketmq/streams/common/channel/source/AbstractSource.java
    #       rocketmq-streams-commons/src/main/java/org/apache/rocketmq/streams/common/checkpoint/AbstractCheckPointStorage.java
    #       rocketmq-streams-commons/src/main/java/org/apache/rocketmq/streams/common/checkpoint/CheckPointManager.java
    #       rocketmq-streams-commons/src/main/java/org/apache/rocketmq/streams/common/checkpoint/CheckPointStorageFactory.java
    #       rocketmq-streams-commons/src/main/java/org/apache/rocketmq/streams/common/checkpoint/ICheckPointStorage.java
    #       rocketmq-streams-commons/src/main/java/org/apache/rocketmq/streams/common/checkpoint/SourceSnapShot.java

commit c2a4043b13a4c99c0e875060397613a94a265e8a
Author: vv <cw68ster@gmail.com>
Date:   Sun Oct 3 16:00:14 2021 +0800

    add baseline

commit 569af73eff3f86458a22db75c5a80a975df2779c
Author: vv <cw68ster@gmail.com>
Date:   Thu Sep 30 16:27:09 2021 +0800

    fix

commit 2827bc556998e98ef3b4da6c294cbfd4108df073
Author: vv <cw68ster@gmail.com>
Date:   Thu Sep 30 14:56:24 2021 +0800

    add connectors module

commit 20aa8bdfe686741ed5eb0804e3ce1e330176c305
Author: write2me <write2me@vip.qq.com>
Date:   Wed Sep 29 17:22:47 2021 +0800

    update

commit fae5586f0e79a0d616eaf1a86c1fcb5354f882cd
Author: write2me <write2me@vip.qq.com>
Date:   Wed Sep 29 17:22:47 2021 +0800

    update

commit 85f9e1336c9a44911b0b4f818c8a234cc5dd350f
Author: write2me <write2me@vip.qq.com>
Date:   Wed Sep 29 14:29:40 2021 +0800

    #74 add LRU state

commit 22cd5ff5b2e5e6a3f4f9bfeb5e4eeda2b677d7d9
Author: write2me <write2me@vip.qq.com>
Date:   Wed Sep 29 03:20:44 2021 +0800

    #74 add count(distinct) implementation based on rocksdb

commit fa31423811bd6e1fde4f93f5fe5ef7b1bfc85611
Author: write2me <write2me@vip.qq.com>
Date:   Mon Sep 27 11:47:17 2021 +0800

    support for count(distinct)

commit 64777dccb0b7cd288d16adfae396358029e66aff
Author: write2me <write2me@vip.qq.com>
Date:   Thu Sep 23 10:12:22 2021 +0800

    use java templ file

commit bf86d212c69cb6112fee0c8ac90106d7e2333f16
Author: write2me <write2me@vip.qq.com>
Date:   Wed Sep 22 20:16:18 2021 +0800

    add client implementation and it's test case

commit ec8ab795bdcd0e039655d3813238ef64c6db8513
Author: write2me <write2me@vip.qq.com>
Date:   Sat Sep 18 11:27:24 2021 +0800

    fix substring issue( different from substring in java)

commit 73430f78f6934199bdf18eef0e2e0895c8a8d263
Author: write2me <write2me@vip.qq.com>
Date:   Thu Sep 16 10:37:33 2021 +0800

    optimize implementation of session window

commit 451b781eda8a42fe766be5fc9a4496b06dc3e757
Author: write2me <write2me@vip.qq.com>
Date:   Mon Sep 13 14:16:51 2021 +0800

    add session window implemention and fix issues of function

commit 331b78990f441fa9778ca307f5f85b1b5900d110
Author: vv <cw68ster@gmail.com>
Date:   Wed Sep 29 10:09:23 2021 +0800

    add enhancedbsink with atomic sink && multiplesink feature

commit e69a29ba00afb85d39ffe456dfdf811488bf5a38
Author: vv <cw68ster@gmail.com>
Date:   Fri Sep 17 17:06:38 2021 +0800

    fix license

commit a072ded85338879ba7e20379ba27df19200ee593
Author: write2me <write2me@vip.qq.com>
Date:   Wed Sep 29 14:29:40 2021 +0800

    #74 add LRU state

commit d54a0e03a74e73996be98f7a04cfcc7f146c140e
Author: write2me <write2me@vip.qq.com>
Date:   Wed Sep 29 03:20:44 2021 +0800

    #74 add count(distinct) implementation based on rocksdb

commit 282c530c778590bab1c487d5ef471fb179f44c67
Author: write2me <write2me@vip.qq.com>
Date:   Mon Sep 27 11:47:17 2021 +0800

    support for count(distinct)

commit 4f865c64c4e42a54e9ce69e9b61f3ad0765d5b11
Author: write2me <write2me@vip.qq.com>
Date:   Thu Sep 23 10:12:22 2021 +0800

    use java templ file

commit fef9d73b85b402972d47ed253a189ff73068a221
Author: write2me <write2me@vip.qq.com>
Date:   Wed Sep 22 20:16:18 2021 +0800

    add client implementation and it's test case

commit c35b965bdddeb213474387259f348945bbbe7cad
Author: write2me <write2me@vip.qq.com>
Date:   Sat Sep 18 11:27:24 2021 +0800

    fix substring issue( different from substring in java)

commit c248798caf4088c75245731f6257944759e80e17
Author: write2me <write2me@vip.qq.com>
Date:   Thu Sep 16 10:37:33 2021 +0800

    optimize implementation of session window

commit dd535b4ec0ab52c9db8ffb8167d74f2ba4a0164d
Author: write2me <write2me@vip.qq.com>
Date:   Mon Sep 13 14:16:51 2021 +0800

    add session window implemention and fix issues of function

commit 9d46ef1f17f2ce0138eeea0363d1c7e5eae93db4
Author: cyril <cw68ster@gmail.com>
Date:   Sat Sep 18 19:39:13 2021 +0800

    add checkpoint storage (#69)
    
    * add channel-db module
    
    * add channel-configurable
    
    * add chinese
    
    * fixed DataStream flatMap
    
    * U
    
    * stash & pre merge
    
    * add license for chackpoint/pom.xml
    
    * add license for checkpoint/pom.xml
    
    * fix license
    
    Co-authored-by: vv <zengyu.cw@alibaba-inc.com>

commit eebfcc13f48da94c3b17f622d9082e74559babb2
Author: vv <cw68ster@gmail.com>
Date:   Fri Sep 17 16:22:45 2021 +0800

    add license for checkpoint/pom.xml

commit 92831acd9d949af57a58e5a18746228a0048b3e8
Author: vv <cw68ster@gmail.com>
Date:   Fri Sep 17 16:22:00 2021 +0800

    add license for chackpoint/pom.xml

commit 3be64396faf789315acacb89bcb1be2ce30ed07a
Merge: 4d83d6c 3db451c
Author: vv <cw68ster@gmail.com>
Date:   Fri Sep 17 14:40:28 2021 +0800

    Merge remote-tracking branch 'source/async-ck' into async-ck
    
    # Conflicts:
    #       pom.xml
    #       rocketmq-streams-commons/src/main/java/org/apache/rocketmq/streams/common/channel/sinkcache/impl/MessageCache.java
    #       rocketmq-streams-commons/src/main/java/org/apache/rocketmq/streams/common/channel/source/AbstractSource.java
    #       rocketmq-streams-commons/src/main/java/org/apache/rocketmq/streams/common/checkpoint/CheckPointManager.java
    #       rocketmq-streams-commons/src/main/java/org/apache/rocketmq/streams/common/functions/FlatMapFunction.java
    #       rocketmq-streams-examples/src/main/java/org/apache/rocketmq/streams/examples/filesource/FileSourceExample.java
    #       rocketmq-streams-examples/src/main/java/org/apache/rocketmq/streams/examples/rocketmqsource/RocketMQSourceExample1.java
    #       rocketmq-streams-state/pom.xml
    #       rocketmq-streams-state/src/test/resources/log4j.xml
    #       rocketmq-streams-window/src/main/java/org/apache/rocketmq/streams/window/storage/IRemoteStorage.java

commit 4d83d6cadcc380e88e5917121368648595029824
Author: vv <cw68ster@gmail.com>
Date:   Fri Sep 17 14:34:56 2021 +0800

    stash & pre merge

commit 1ee8eeb86e8b9143335474459e2fd7a55bfad120
Author: vv <cw68ster@gmail.com>
Date:   Fri Sep 17 01:06:11 2021 +0800

    U

commit 3db451c738696173e8856df92b6cc6e1c5c6232c
Merge: c924156 f7c69ab
Author: 零号程序 <jet.j.j.cheng@gmail.com>
Date:   Thu Sep 16 16:52:31 2021 +0800

    Merge pull request #67 from yuanxiaodong/window
    
    support hyperscan and fixed bugs

commit f7c69abdd0beaf6741cf8036c89a28758f9709e3
Author: yuanxiaodongn <yuan_xiao_dong@163.com>
Date:   Thu Sep 16 16:47:38 2021 +0800

    fixed bugs

commit 74d34912bc1c9870ba5992a86d36c280a6ac7612
Merge: edf9cd6 d8e62d1
Author: yuanxiaodongn <yuan_xiao_dong@163.com>
Date:   Thu Sep 16 16:43:31 2021 +0800

    pull from apache

commit edf9cd680e89fb6b6c5494548d89ff03c770a878
Merge: 84b0aec c924156
Author: yuanxiaodongn <yuan_xiao_dong@163.com>
Date:   Thu Sep 16 16:35:04 2021 +0800

    Merge branch 'async-ck' of https://github.com/apache/rocketmq-streams into window

commit d8e62d137fe20b48c0f48ca9e31c0d16873335eb
Author: 零号程序 <jet.j.j.cheng@gmail.com>
Date:   Wed Sep 15 11:45:39 2021 +0800

    Add Sqlmode  (#63)
    
    * add update logic for the DBSinker 、 upgrade the concat_ws function
    
    * Add the field level cache to reduce duplicate data entry #60
    
    * Sqlmode can be used to write data to the database as specified
    #62
    
    Co-authored-by: junjie.cheng <junjie.cheng@alibaba-inc.com>

commit 229f4b0f3b9e27ac1696c127b35d940b8d98552d
Author: YUDA <xstorm@live.cn>
Date:   Wed Sep 15 11:37:25 2021 +0800

    Joinwindow bug fix (#61)
    
    * fix bugs
    
    * fix joinwindow message remove bugs

commit 278ab95304ced73b120c1c60ad938a2f17e72d97
Author: 零号程序 <jet.j.j.cheng@gmail.com>
Date:   Wed Sep 15 11:36:58 2021 +0800

    add update logic for the DBSinker 、 upgrade the concat_ws function (#57)
    
    * add update logic for the DBSinker 、 upgrade the concat_ws function
    
    * Add the field level cache to reduce duplicate data entry #60
    
    Co-authored-by: junjie.cheng <junjie.cheng@alibaba-inc.com>

commit 84b0aec298a329890cb6c3fefc5f23cc8b9f89d1
Author: yuanxiaodongn <yuan_xiao_dong@163.com>
Date:   Wed Sep 8 09:44:59 2021 +0800

    add logfinger filter strategy
    fixed bugs for sink batch insert

commit c924156532133eb272790c513e378b0d6c174508
Author: Ni Ze <31175234+ni-ze@users.noreply.github.com>
Date:   Tue Sep 7 09:37:16 2021 +0800

    a runnable window example reading data from rocketmq. (#54)
    
    Co-authored-by: nize <unclerangoo@gmail.com>

commit e51a1a871dd5cc168191e42aa7d39027d8142de5
Author: Ni Ze <31175234+ni-ze@users.noreply.github.com>
Date:   Mon Sep 6 21:23:04 2021 +0800

    some file lack of apace license. (#52)
    
    * add license.
    
    * add license
    
    Co-authored-by: nize <unclerangoo@gmail.com>

commit b068104cc65c2b3b8d3af7cb02e5ff1003062d5b
Merge: d7f52ca 818a331
Author: Heng Du <duhengforever@apache.org>
Date:   Sat Sep 4 11:59:29 2021 +0800

    Merge pull request #49 from yuanxiaodong/window
    
    add cache filter to excute quickly for script

commit 818a33127318e80e475b0ba1254fa8dc7ef4a2ff
Merge: e6e2c98 d7f52ca
Author: yuanxiaodongn <yuan_xiao_dong@163.com>
Date:   Fri Sep 3 19:01:49 2021 +0800

    Merge branch 'main' of https://github.com/apache/rocketmq-streams into window

commit e6e2c98ff67193d16d401e42a098c10adca0bef3
Author: yuanxiaodongn <yuan_xiao_dong@163.com>
Date:   Fri Sep 3 19:01:12 2021 +0800

    add transit source and sink to support merge same source sql

commit 9f87eb06fe63d52e7f373f1a3b63cd0d0a44f8f7
Author: yuanxiaodongn <yuan_xiao_dong@163.com>
Date:   Fri Sep 3 14:45:15 2021 +0800

    sink support sql cache than can batch submit sqls

commit e5ac882b5c89813074b1631c8ee55cda865f99d8
Author: yuanxiaodongn <yuan_xiao_dong@163.com>
Date:   Fri Sep 3 11:05:30 2021 +0800

    add cache filter to excute quickly for script

commit d7f52ca1aabe0936b52db13727cf9d0b4e897598
Merge: 0e46ee4 60938d0
Author: Heng Du <duhengforever@apache.org>
Date:   Thu Sep 2 13:44:45 2021 +0800

    Merge pull request #46 from yuanxiaodong/window
    
    [ISSUE #48]add bitset cache to optimize regex

commit 0e46ee445de9477162a6471b5d76c051c4eba85c
Merge: 4fa3e39 1eaa126
Author: Heng Du <duhengforever@apache.org>
Date:   Thu Sep 2 13:43:42 2021 +0800

    Merge pull request #44 from ni-ze/private/debug
    
    make a runnable example.

commit 60938d0b411f1b3d08005264faeb83c331ba4c4f
Author: yuanxiaodongn <yuan_xiao_dong@163.com>
Date:   Thu Sep 2 10:36:37 2021 +0800

    add bitset cache to optimize select
    rocketmq builder compatible metaq
    fixed message systemmessage not set in deepcopy
    fixed script compile script expression bugs
    window fire support test model

commit 1eaa1262586b5854e546b72b19406fb236022d21
Author: 倪泽 <nizeze.ni@alibaba-inc.com>
Date:   Thu Sep 2 10:26:30 2021 +0800

    RocketMQSourceExample2 can run now, read form mq and print.

commit f3b125e377f3c24cdc1758dd89a0409c1289d1f7
Merge: eb6b3ba 4fa3e39
Author: 倪泽 <nizeze.ni@alibaba-inc.com>
Date:   Wed Sep 1 21:23:20 2021 +0800

    merge

commit eb6b3ba3cebb19c06388bf58a7ea713b1723e620
Author: 倪泽 <nizeze.ni@alibaba-inc.com>
Date:   Wed Sep 1 21:10:39 2021 +0800

    read rocketmq and print.

commit 4fa3e39a50da0011bd120d772df7068b0ffa3814
Merge: d8aee5d b3b938f
Author: Heng Du <duhengforever@apache.org>
Date:   Wed Sep 1 14:33:04 2021 +0800

    Merge pull request #43 from yuanxiaodong/window
    
    test window exactly once success and fixed bugs

commit b3b938f4cfec282bd14f44310caf2e2f34090de0
Author: yuanxiaodongn <yuan_xiao_dong@163.com>
Date:   Wed Sep 1 10:37:07 2021 +0800

    test window exactly once success and fixed bugs
    set dipper properties commint ignore

commit 4729e41e0838f144efeadc9872de689d98b24f1c
Author: yuanxiaodongn <yuan_xiao_dong@163.com>
Date:   Wed Sep 1 10:35:47 2021 +0800

    test window exactly once success and fixed bugs

commit 0e61fc6c09d0958540c45477e6bb1d9b0b81778f
Author: yuanxiaodongn <yuan_xiao_dong@163.com>
Date:   Wed Sep 1 09:56:29 2021 +0800

    test

commit d8aee5d70ecc0f6d6dd15c6ac9d8e8014d4e2b16
Author: vongosling <vongosling@apache.org>
Date:   Thu Aug 26 18:53:48 2021 +0800

    Debug why pass test

commit fbfbd9ace7b904ca7ada66252cd6d2f70c0b0a9e
Author: vongosling <vongosling@apache.org>
Date:   Thu Aug 26 18:38:42 2021 +0800

    Format badge

commit f5839214b96c896b5859ca5621f98d9420002051
Author: von gosling <vongosling@apache.org>
Date:   Thu Aug 26 12:57:52 2021 +0800

    Update .travis.yml

commit 35ab24f1409e0018d28d3e142f46769178ef5121
Merge: a6e0a25 4bf90b9
Author: Heng Du <duhengforever@apache.org>
Date:   Thu Aug 26 12:30:26 2021 +0800

    Merge pull request #39 from ni-ze/main
    
    fix some error and make a code style.

commit a6e0a2585dd4b61e3ebe6f18086e6a1b11104355
Author: von gosling <vongosling@apache.org>
Date:   Thu Aug 26 12:20:22 2021 +0800

    Enable test default

commit a2542d9cbadbcd7fa132edd2bc3412dfd9ea4760
Author: von gosling <vongosling@apache.org>
Date:   Thu Aug 26 11:22:55 2021 +0800

    Update .travis.yml

commit dee2112fdd403cf7901e9ef9097364edaf7c7e6e
Author: von gosling <vongosling@apache.org>
Date:   Thu Aug 26 10:36:22 2021 +0800

    Try to step with codecov

commit bdc212b61126da5502aaaeb1b328ee6e8f09571d
Author: von gosling <vongosling@apache.org>
Date:   Thu Aug 26 10:33:50 2021 +0800

    Update README.md

commit 860a9240d95da72037d57bab496faa80bc1223b3
Author: von gosling <vongosling@apache.org>
Date:   Thu Aug 26 10:31:45 2021 +0800

    Enable codecov

commit 4bf90b9f685bcdb6b8cda13ec00e432c3f4e1d39
Merge: ca849b4 bbe3851
Author: nize <unclerangoo@gmail.com>
Date:   Wed Aug 25 19:16:34 2021 +0800

    Merge remote-tracking branch 'upstream/main'

commit bbe3851ae36c866ba6a6fb90b385fd9421439ba8
Author: von gosling <vongosling@apache.org>
Date:   Wed Aug 25 16:41:58 2021 +0800

    Update README.md

commit 6214d27736c2626a08b5376fdf6ec66671e20d9e
Author: von gosling <vongosling@apache.org>
Date:   Wed Aug 25 16:39:22 2021 +0800

    Update README.md

commit b85f2e6413d804783c3cdf228fd1d62093a73864
Author: von gosling <vongosling@apache.org>
Date:   Wed Aug 25 16:38:54 2021 +0800

    Update README.md

commit ca849b4a433900acbcc06d6127bd7decd66e3da8
Merge: 01b82b2 db13afa
Author: nize <unclerangoo@gmail.com>
Date:   Tue Aug 24 11:31:22 2021 +0800

    merge

commit 01b82b228ce866cfeb5f0c45b06068badfc97056
Merge: d2e96a8 2165c99
Author: nize <unclerangoo@gmail.com>
Date:   Tue Aug 24 11:27:52 2021 +0800

    merge

commit d2e96a886202caf74d5f0f8bc930e45d177ae103
Author: nize <unclerangoo@gmail.com>
Date:   Tue Aug 24 11:24:16 2021 +0800

    roll back

commit fb981625ec38ab6044fbf2250d9ba9539ec0eec1
Author: nize <unclerangoo@gmail.com>
Date:   Tue Aug 24 11:23:05 2021 +0800

    modify some error or code style

commit 2165c99afae291af43e473f8c2be3165a279d882
Merge: ddf23d0 5f841ab
Author: Heng Du <duhengforever@apache.org>
Date:   Mon Aug 23 21:09:17 2021 +0800

    Merge pull request #38 from caigy/main
    
    [ISSUE #37]Add Apache license and fix some naming problems

commit db13afab7165f61e28052981d3b4f6585186798b
Merge: 879ec95 ddf23d0
Author: Ni Ze <31175234+ni-ze@users.noreply.github.com>
Date:   Mon Aug 23 20:55:05 2021 +0800

    Merge branch 'apache:main' into main

commit 879ec959d7fac78d5062dbfa15aab94b5785b511
Author: 倪泽 <nizeze.ni@alibaba-inc.com>
Date:   Mon Aug 23 20:54:26 2021 +0800

    remove redundancy code

commit 5f841ab6a56802f61d48b4599f1b07d24d37322b
Author: gaoyang.cgy <gaoyang.cgy@alibaba-inc.com>
Date:   Mon Aug 23 20:37:02 2021 +0800

    remove unnecessary block comments

commit ddf23d02c6f31d531557c88dc201d36d06c2b3fa
Author: duhenglucky <duhengforever@apache.org>
Date:   Mon Aug 23 20:24:07 2021 +0800

    style(test) remove unused file

commit e834d271e866deda383801c5e75db6974c02ad93
Author: gaoyang.cgy <gaoyang.cgy@alibaba-inc.com>
Date:   Mon Aug 23 20:15:13 2021 +0800

    Change 'metaq' to 'rocketmq'

commit 1ad1565f39982c8927ccd0058a0e0bbe13edf0dc
Author: gaoyang.cgy <gaoyang.cgy@alibaba-inc.com>
Date:   Mon Aug 23 20:14:41 2021 +0800

    add license

commit bd7b7f67eb18ed144d5c74812dbc407d09b77bf3
Merge: 9068406 a413cd9
Author: Heng Du <duhengforever@apache.org>
Date:   Mon Aug 23 19:30:50 2021 +0800

    Merge pull request #35 from francisoliverlee/main
    
    fix RocketMQ Source has no namesrv set error

commit a413cd90ad172ff9ba49e44bd3bec264d8ee4781
Author: tigerweili <tigerweili@tencent.net>
Date:   Mon Aug 23 14:54:41 2021 +0800

    fix code check fail: not ovride removeSplit() and addNewSplit()

commit 72ca2e7860167ee2c194182b4d306529b327a8d9
Merge: 06eeb45 d764377
Author: tigerweili <tigerweili@tencent.net>
Date:   Mon Aug 23 10:21:26 2021 +0800

    Merge branch 'main' of https://github.com/francisoliverlee/rocketmq-streams into main
    
    * 'main' of https://github.com/francisoliverlee/rocketmq-streams:
      add license header
      feat(doc) add quickstart link
      feat(code style) exclude ci files in apache rat check
      feat(doc) change Chinese doc file path
      update readme.md
      Update README.md
      can not compile

commit 06eeb4566b31ce66a73ea395746930c6cfd5b417
Author: tigerweili <tigerweili@tencent.net>
Date:   Mon Aug 23 10:20:56 2021 +0800

    add apache file headers

commit d76437796307261ec9c572f4973de39c2e634c04
Merge: f5fba59 9068406
Author: tiger lee <francislee.cn@outlook.com>
Date:   Mon Aug 23 10:17:32 2021 +0800

    Merge pull request #2 from apache/main
    
    merge from apache master

commit 9068406552c8e2e36c48f8ad9780977817360f3d
Merge: 44cb639 69d4cef
Author: Heng Du <duhengforever@apache.org>
Date:   Mon Aug 23 09:50:42 2021 +0800

    Merge pull request #36 from duhenglucky/main_license
    
    add license header

commit 69d4cefe2f5d3de30c5bb1aef9ba4751e7f8be46
Author: duhenglucky <duhengforever@apache.org>
Date:   Mon Aug 23 09:49:05 2021 +0800

    add license header

commit f5fba59bfedf6d89979f4b3c46edc90c11a99680
Merge: e606e40 44cb639
Author: tiger lee <francislee.cn@outlook.com>
Date:   Mon Aug 23 01:20:47 2021 +0800

    Merge pull request #1 from apache/main
    
    merge from apache main

commit e606e40c53dfc14d1c039e638ad9935289f25192
Author: tigerweili <tigerweili@tencent.net>
Date:   Mon Aug 23 01:17:29 2021 +0800

    fix RocketMQ 4.5.2 and 4.8.0 's differences in RocketMQSource

commit 60c38b26ab525e0a30e2fa69b689561737684941
Author: tigerweili <tigerweili@tencent.net>
Date:   Mon Aug 23 01:11:31 2021 +0800

    fix bugs
    1. leak of interface api for compile error
    2. add namesrv for RocketMQ Source

commit 44cb639cf9b2d9d4c0e0f367dac4e9cb79311ad3
Merge: 529f33d 5478f1c
Author: Heng Du <duhengforever@apache.org>
Date:   Mon Aug 23 00:33:04 2021 +0800

    Merge pull request #32 from duhenglucky/duheng-doc
    
    [ISSUE #33]Exclude CI files in apache rat check

commit 5478f1c4cc0b6d33bb2429eb26013d2d70ccf54b
Author: duhenglucky <duhengforever@apache.org>
Date:   Mon Aug 23 00:28:38 2021 +0800

    feat(doc) add quickstart link

commit 5bdce5d64795afbfabcbbfa5b67c1217fadfe9db
Author: duhenglucky <duhengforever@apache.org>
Date:   Mon Aug 23 00:27:40 2021 +0800

    feat(code style) exclude ci files in apache rat check

commit 529f33dc928c62a020b61a189a6fb6cd0e6bee18
Merge: 2f1d4b8 2b528fb
Author: Heng Du <duhengforever@apache.org>
Date:   Mon Aug 23 00:05:46 2021 +0800

    Merge pull request #26 from ni-ze/main
    
    AbstractChannel with two redundant method can not compile.

commit 2f1d4b8b807ffede3c06c082b6816d29dbbe86c4
Merge: 3f011ef eafa8f7
Author: Heng Du <duhengforever@apache.org>
Date:   Sun Aug 22 20:04:39 2021 +0800

    Merge pull request #30 from duhenglucky/duheng-doc
    
    feat(doc) change Chinese doc file path

commit eafa8f716312b53a8ddc25b60336a968b8b007b7
Author: duhenglucky <duhengforever@apache.org>
Date:   Sun Aug 22 20:03:41 2021 +0800

    feat(doc) change Chinese doc file path

commit 3f011efd7bf6e18fe8e79ee965f3aa0ead5b1f5c
Merge: e0ae8a2 05a3e77
Author: Heng Du <duhengforever@apache.org>
Date:   Sun Aug 22 19:09:59 2021 +0800

    Merge pull request #28 from Laura-monkey/main
    
    added english descriptions of read.me

commit 05a3e77efa0bf426a0b70111714f7303598e3913
Author: Laura-monkey <85347842+Laura-monkey@users.noreply.github.com>
Date:   Sun Aug 22 18:56:29 2021 +0800

    update readme.md
    
    added the english descriptions of steams

commit e9a94a5f8d31c1b571e745310052e6e07012d8f5
Author: Laura-monkey <85347842+Laura-monkey@users.noreply.github.com>
Date:   Sun Aug 22 18:49:05 2021 +0800

    Update README.md

commit 2b528fb31a12ac31ab54d62bf7baeb26b539ba61
Author: 倪泽 <nizeze.ni@alibaba-inc.com>
Date:   Sat Aug 21 17:39:41 2021 +0800

    can not compile

commit 8173abb40edf81a7911845a7e9822a648c33852e
Author: vv <cw68ster@gmail.com>
Date:   Wed Aug 18 11:04:50 2021 +0800

    fixed DataStream flatMap

commit 143ccafdd400b3fd2e197ed93edcc8763f425ef5
Merge: 75530c6 e0ae8a2
Author: vv <cw68ster@gmail.com>
Date:   Tue Aug 17 19:24:16 2021 +0800

    fix AbstractChannel removeSplit adNewSplit function

commit e0ae8a24f70a6cd27b9c35f1709fb7b3fbe42269
Merge: 3ac57a6 c6b8005
Author: Heng Du <duhengforever@apache.org>
Date:   Mon Aug 16 20:33:24 2021 +0800

    Merge pull request #24 from RonzL/main
    
    add testcase

commit c6b80055fd2e4a8df834d1ef0bebefde20d42f94
Author: ronzl <1158402635@qq.com>
Date:   Mon Aug 16 20:23:36 2021 +0800

    add testcase

commit 3ac57a6e13104f2c7b1eb7539799dddd5288300a
Author: Heng Du <duhengforever@apache.org>
Date:   Fri Aug 13 08:44:28 2021 +0800

    Update README.md

commit 47e0ec45812094ba41e3441015b60c6500bdb193
Merge: 9342f6b cfbbccb
Author: Heng Du <duhengforever@apache.org>
Date:   Fri Aug 13 08:43:34 2021 +0800

    Merge pull request #21 from ShannonDing/branch_protect
    
    Try to remove branch protect

commit cfbbccbdbfcbb70cc85d64766c1b7ebc1efe52c9
Author: ShannonDing <libya_003@163.com>
Date:   Wed Aug 11 11:23:59 2021 +0800

    Try to remove branch protect

commit 9342f6b7532e16710dc7ba04cda3a14b7d02275e
Author: von gosling <vongosling@apache.org>
Date:   Wed Aug 11 10:13:17 2021 +0800

    Update .asf.yaml (#20)
    
    * Update .asf.yaml
    
    * Update .asf.yaml
    
    * Update .asf.yaml
    
    * Update .asf.yaml
    
    * Update .asf.yaml
    
    Co-authored-by: Heng Du <duhengforever@apache.org>

commit baf438839be0e8e5517ddcf67472894a24428f77
Author: von gosling <vongosling@apache.org>
Date:   Wed Aug 11 10:11:49 2021 +0800

    Add some health metrics index(#19)

commit 27716a7ad81979a9cbbde188b2528abd260c5427
Merge: 0043e66 b4c105a
Author: dinglei <libya_003@163.com>
Date:   Tue Aug 10 21:29:03 2021 +0800

    Merge pull request #18 from ShannonDing/wiki_open
    
    Open wiki and open pull request reviews

commit b4c105ac1fc71d4410978eb3a1e0156f9ddaec49
Author: ShannonDing <libya_003@163.com>
Date:   Tue Aug 10 21:27:23 2021 +0800

    Open wiki and open pull request reviews

commit 0043e666a4969325827cb126a969038728b562e4
Merge: c5e032e 07d6662
Author: Heng Du <duhengforever@apache.org>
Date:   Tue Aug 10 21:14:54 2021 +0800

    Merge pull request #16 from speak2me/main
    
    format code accroding to alibaba coding guidlines

commit c5e032e16f1789588d0d6b7c8357814156ed89fb
Merge: a8608d8 16d4d59
Author: dinglei <libya_003@163.com>
Date:   Tue Aug 10 21:09:09 2021 +0800

    Merge pull request #17 from ShannonDing/issue_open
    
    Open issues and modify travis ci profile

commit 16d4d5965f64610ef4277ff5c069dc852a69e8f4
Author: ShannonDing <libya_003@163.com>
Date:   Tue Aug 10 21:04:30 2021 +0800

    Open issues and modify travis ci profile

commit 07d6662f49e4e958e3536d5471057143d486aab8
Author: arthur.lyj <arthur.lyj@alibaba-inc.com>
Date:   Tue Aug 10 19:28:20 2021 +0800

    format code accroding to alibaba coding guidlines

commit a8608d8398d64a3c3dd858c16244600edc0d6178
Merge: cb1c2aa 9e436c3
Author: Heng Du <duhengforever@apache.org>
Date:   Tue Aug 10 16:54:11 2021 +0800

    Merge pull request #15 from yuanxiaodong/window_test
    
    fix bug for window fire and add flagMap function

commit 9e436c34f3885ed79489637f64ff75ea0db9ce4f
Merge: 4c55a46 cb1c2aa
Author: yuanxiaodong <yuan_xiao_dong@163.com>
Date:   Tue Aug 10 16:44:18 2021 +0800

    1.support max event time wait for all splits ready
    2.add flatMap function for user
    3.support AbstractMutilSplitMessageCache open autoflush flag
    4.remove method(removeSplit,addNewSplit) from ISource interface
    5.fix bug for window fire and add window debug filewriter

commit 4c55a4602ca843c2b185d1b92dba3d39f1738034
Author: yuanxiaodong <yuan_xiao_dong@163.com>
Date:   Tue Aug 10 16:25:01 2021 +0800

    1. support max event time wait for all splits ready
    2. add flatMap function for user
    3. support AbstractMutilSplitMessageCache open autoflush flag
    4. remove method(removeSplit,addNewSplit) from ISource interface
    5. fix bug for window fire and add window debug filewriter

commit cb1c2aa7466b8eeeff3ef08ba019f27d63966f3b
Merge: a49f096 3d64989
Author: Heng Du <duhengforever@apache.org>
Date:   Mon Aug 9 09:11:53 2021 +0800

    Merge pull request #14 from ShannonDing/infra
    
    Add code coverage test in travis-ci.

commit 3d64989d3a5f4130922fd56162a6cefeb87aa34e
Author: ShannonDing <libya_003@163.com>
Date:   Fri Aug 6 16:18:39 2021 +0800

    Add code coverage for travis-ci

commit 00b93c65fbabcc6b0490019312e4e3fb37f14e86
Author: ShannonDing <libya_003@163.com>
Date:   Fri Aug 6 15:43:44 2021 +0800

    Add code coverage for travis-ci

commit a49f09696a37d701f408cc5d10fa7281445e3028
Merge: ebbca6f 21903e1
Author: Heng Du <duhengforever@apache.org>
Date:   Fri Aug 6 12:24:31 2021 +0800

    Merge pull request #13 from RongtongJin/main
    
    Add apache-rat check plugin and add apache license

commit 21903e17dcf0566d6285467c58df5d521ad5c333
Author: RongtongJin <jinrongtong16@mails.ucas.ac.cn>
Date:   Fri Aug 6 11:49:58 2021 +0800

    Add apache-rat check and add apache license

commit ebbca6f07c970a0a031f3461aff0dd9976e3e26a
Merge: 648822e b1bbd83
Author: Heng Du <duhengforever@apache.org>
Date:   Thu Aug 5 23:11:05 2021 +0800

    Merge pull request #12 from ltamber/add_license
    
    add license

commit b1bbd831549970bdc8e5febeda583e84c3e95bd1
Merge: 3862701 648822e
Author: Heng Du <duhengforever@apache.org>
Date:   Thu Aug 5 23:10:56 2021 +0800

    Merge branch 'main' into add_license

commit 648822e8061359e2e86bad90e392e2ff9d67635b
Merge: ad2be48 b047252
Author: Heng Du <duhengforever@apache.org>
Date:   Thu Aug 5 23:10:12 2021 +0800

    Merge pull request #11 from lizhiboo/fulfil-apache-license
    
    fulfil apache license

commit 3862701f78248aa9aae76c781553f380aaee3554
Author: ltamber <ltamber12@gmail.com>
Date:   Thu Aug 5 21:32:10 2021 +0800

    add license

commit b047252f79927da04cd6078d5084a9b6ae776cda
Author: lizhiboo <lizhiboo@yeah.net>
Date:   Thu Aug 5 21:28:11 2021 +0800

    fulfil apache license

commit ad2be48d35cc7876d58af06727197a83d04e5214
Merge: 7a896f2 3ef80b0
Author: Heng Du <duhengforever@apache.org>
Date:   Thu Aug 5 20:53:53 2021 +0800

    Merge pull request #10 from duhenglucky/develop
    
    Optimize code imports

commit 3ef80b0e8277bc3f21617808b2e83a72e6e10f32
Author: duhenglucky <duhengforever@apache.org>
Date:   Thu Aug 5 20:51:39 2021 +0800

    Add license and notice

commit 46d175569996f270ca9fe98f797454f07bf0007c
Author: duhenglucky <duhengforever@apache.org>
Date:   Thu Aug 5 15:00:04 2021 +0800

    change streams version

commit 390d7f49267cd5d5db23aad0e32fd37f31261e14
Author: duhenglucky <duhengforever@apache.org>
Date:   Thu Aug 5 14:12:23 2021 +0800

    Opertimize imports

commit 7a896f23a6b093d62137d68b5883c0180619bdfe
Merge: 2a3f4dc 12b9e5c
Author: Heng Du <duhengforever@apache.org>
Date:   Wed Aug 4 19:15:49 2021 +0800

    Merge pull request #9 from programer-0/main
    
    add quickstart.md

commit 2a3f4dc906d4b2e85f62f03454933b9a8f7cfe8b
Merge: 363ad5f e39d3e3
Author: Heng Du <duhengforever@apache.org>
Date:   Tue Aug 3 14:49:47 2021 +0800

    Merge pull request #8 from xstorm1/dev
    
    add dbinit module

commit e39d3e3d1a98886a5c689da8ba9086940fb6cf70
Author: xstorm1 <xstorm@live.cn>
Date:   Tue Aug 3 14:42:10 2021 +0800

    add dbinit module, it will create tables into user's database, the first version can support MySql only

commit 12b9e5c8aa67ea8749bf258c8b2e1f2c8b40d0d2
Author: 刈刀 <jet.j.j.cheng@gmail.com>
Date:   Tue Aug 3 14:41:11 2021 +0800

    add QUICKSTART.md

commit 1511ccad309d47a65f371b76b65ce44fc1b34894
Merge: 6e7750d 363ad5f
Author: xstorm1 <xstorm@live.cn>
Date:   Tue Aug 3 10:57:52 2021 +0800

    Merge branch 'apache:main' into main

commit 5b38fb58c884975a3c43849eeb01e466dd4b1eda
Merge: cb1616c 363ad5f
Author: 刈刀 <jet.j.j.cheng@gmail.com>
Date:   Tue Aug 3 09:33:20 2021 +0800

    Merge branch 'main' of https://github.com/apache/rocketmq-streams into main

commit 363ad5f4e6f38cfac356ebbea1229c7e4e1f67d9
Author: Heng Du <duhengforever@apache.org>
Date:   Mon Aug 2 20:47:11 2021 +0800

    Update README.md

commit ad897438c1f634aaac994b44a51814517049a92b
Author: RongtongJin <jinrongtong16@mails.ucas.ac.cn>
Date:   Mon Aug 2 20:07:28 2021 +0800

    Remove .iml file

commit cb1616c9e65737965c7e4a4901d124aff91a3adb
Merge: d02bf7b 6e7750d
Author: 刈刀 <jet.j.j.cheng@gmail.com>
Date:   Mon Aug 2 19:55:03 2021 +0800

    Merge branch 'main' of https://github.com/apache/rocketmq-streams into main

commit d02bf7b4a44faec269f2fb2aae7731355b50eedf
Merge: 8297ae5 f17aa3c
Author: 刈刀 <jet.j.j.cheng@gmail.com>
Date:   Mon Aug 2 19:54:11 2021 +0800

    Merge branch 'main' of https://github.com/apache/rocketmq-streams into main

commit 6e7750dace64d2838cfde6fbf03399fff6592f5c
Author: RongtongJin <jinrongtong16@mails.ucas.ac.cn>
Date:   Mon Aug 2 19:54:02 2021 +0800

    Remove .iml file

commit f17aa3cfdc7214b2cc8885908c3df92b1d4afe69
Merge: 5c8988a a729ce8
Author: rongtong <jinrongtong5@163.com>
Date:   Mon Aug 2 19:49:18 2021 +0800

    Merge pull request #7 from yuanxiaodong/main
    
    add script module

commit 5c8988abedbbf369cf39079c3395557ee2dda1c3
Merge: 53bc5fa 8f11055
Author: rongtong <jinrongtong5@163.com>
Date:   Mon Aug 2 19:18:58 2021 +0800

    Merge pull request #3 from xstorm1/dev
    
    merge to main branch

commit 53bc5faf59ec046d72abde91453f7afd22d906e0
Merge: 8157c24 6a6bf8d
Author: rongtong <jinrongtong5@163.com>
Date:   Mon Aug 2 19:13:41 2021 +0800

    Merge pull request #4 from speak2me/main
    
    add filter channel-http schedule modules

commit 8157c24b217a22bcb18c318af36c683fddc53f99
Merge: 0a656b0 313cbbf
Author: rongtong <jinrongtong5@163.com>
Date:   Mon Aug 2 18:55:10 2021 +0800

    Merge pull request #5 from cw68ster/main
    
    add module channel-db,channel-configurable

commit 8297ae5a3fde8389c7f0360816635218633d3ef4
Merge: 06c276e 0a656b0
Author: 刈刀 <jet.j.j.cheng@gmail.com>
Date:   Mon Aug 2 17:41:29 2021 +0800

    Merge branch 'main' of https://github.com/apache/rocketmq-streams into main

commit a729ce83c112aad40ebec370e968797a6e674414
Author: yuanxiaodong <yuan_xiao_dong@163.com>
Date:   Mon Aug 2 17:14:46 2021 +0800

    add script module
    add common module

commit 8f11055bbc214927b904dc93539cf9e5bf06999e
Author: xstorm1 <xstorm@live.cn>
Date:   Mon Aug 2 16:26:32 2021 +0800

    delete target directory

commit 06c276efeee78fac326356d958a26680262b8c88
Author: 刈刀 <jet.j.j.cheng@gmail.com>
Date:   Mon Aug 2 15:54:53 2021 +0800

    change the variant name

commit d2eaada4ade2398b5eaf2fa8e745229798b9fa82
Author: xstorm1 <xstorm@live.cn>
Date:   Mon Aug 2 15:48:21 2021 +0800

    modify README.md

commit 4897ecf900669c58111662538a971a2cd4f7be71
Merge: ef9659b 3608a49
Author: xstorm1 <xstorm@live.cn>
Date:   Mon Aug 2 15:43:16 2021 +0800

    modify README.md

commit 3608a496f527a2245232112854dfa842691bc6ee
Merge: 0983fce 0a656b0
Author: xstorm1 <xstorm@live.cn>
Date:   Mon Aug 2 15:40:00 2021 +0800

    Merge branch 'apache:main' into main

commit 0a656b077ddec123d3d57c9e36186d2b189d6582
Merge: cb0323e 7c87c13
Author: Heng Du <duhengforever@apache.org>
Date:   Mon Aug 2 14:59:15 2021 +0800

    Merge pull request #6 from RonzL/main
    
    add module db-operator、transport-minio

commit 6a6bf8da3b1942724629758b7febe688b4785c8b
Merge: b3c4242 cb0323e
Author: Arthur Liang <write2me@vip.qq.com>
Date:   Mon Aug 2 13:49:21 2021 +0800

    Merge branch 'apache:main' into main

commit cb0323ec19ce5a1a8e38b938e7d0597a7204bd92
Merge: 997f3df 140ea51
Author: Heng Du <duhengforever@apache.org>
Date:   Mon Aug 2 13:30:04 2021 +0800

    Merge pull request #1 from programer-0/develop
    
    add lease、dim and client module

commit 140ea51953943cceb27974a67d5b4e2672c68fa1
Author: 刈刀 <jet.j.j.cheng@gmail.com>
Date:   Mon Aug 2 12:48:41 2021 +0800

    modify the README.md

commit c81b50b1a602f91d5655707d0c064e865f2a88b8
Author: 刈刀 <jet.j.j.cheng@gmail.com>
Date:   Mon Aug 2 12:35:26 2021 +0800

    modify the README.md

commit 58b0d7855edd59bcecba627cb1a352da111bfe72
Author: 刈刀 <jet.j.j.cheng@gmail.com>
Date:   Mon Aug 2 12:25:35 2021 +0800

    modify the README.md

commit 937be115c2240a76ac2cdb87b1d703a3459bcb4b
Author: 刈刀 <jet.j.j.cheng@gmail.com>
Date:   Mon Aug 2 12:23:37 2021 +0800

    modify the README.md

commit 7c87c1311b597a0462ce8576e68573dd21c654f9
Author: ronzl <1158402635@qq.com>
Date:   Mon Aug 2 12:21:28 2021 +0800

    add module db-operator、transport-minio

commit 75530c629e4bbf99be4fc6c313e217a3c0c9df98
Author: vv <cw68ster@gmail.com>
Date:   Mon Aug 2 12:21:05 2021 +0800

    add chinese

commit fb181ffb6e6b7b0450da6584ad37e2a6baa82314
Author: 刈刀 <jet.j.j.cheng@gmail.com>
Date:   Mon Aug 2 12:16:19 2021 +0800

    modify the README.md

commit ef9659b925b4073b32aa3a368cee58ababbbcff2
Author: xstorm1 <xstorm@live.cn>
Date:   Mon Aug 2 12:15:15 2021 +0800

    modify README.md

commit ee1673800213f1159d27415702338e8e2d512442
Author: 刈刀 <jet.j.j.cheng@gmail.com>
Date:   Mon Aug 2 12:12:29 2021 +0800

    modify the README.md

commit b3c42426876dfc7f4deaced0e64a43b00252d9a1
Author: arthur.lyj <write2me@vip.qq.com>
Date:   Mon Aug 2 12:05:10 2021 +0800

    add filter channel-http schedule modules

commit 313cbbfbcc5cbb3547bfaeda27c3fe826cea9f23
Author: cyril <cw68ster@gmail.com>
Date:   Mon Aug 2 12:04:58 2021 +0800

    add channel-configurable

commit 1992a3514e723f452b59878be8898d855eab2c7f
Author: vv <zengyu.cw@alibaba-inc.com>
Date:   Mon Aug 2 12:04:58 2021 +0800

    add channel-configurable

commit b188f6c892d9b88cd4c9b3fe2363853539ebe4e5
Author: xstorm1 <xstorm@live.cn>
Date:   Mon Aug 2 12:04:25 2021 +0800

    modify README.md

commit 881b09e53c7c90785f34ce18c1aae03f98c55903
Author: cyril <cw68ster@gmail.com>
Date:   Mon Aug 2 12:03:59 2021 +0800

    add channel-db module

commit ed97ca3daee8bd3e71c4c5150a54381867a07756
Author: vv <zengyu.cw@alibaba-inc.com>
Date:   Mon Aug 2 12:03:59 2021 +0800

    add channel-db module

commit ff443967390c02917a0b90371b905aff452f2877
Author: xstorm1 <xstorm@live.cn>
Date:   Mon Aug 2 12:03:22 2021 +0800

    modify README.md

commit 0983fced741dd44549915d0b0acf2b06d550592f
Author: xstorm1 <xstorm@live.cn>
Date:   Mon Aug 2 11:58:20 2021 +0800

    add rocketmq-streams, rocketmq-channel-rocketmq, rocketmq-serviceloader module

commit c39c0fb6276e65fd38678a4947f9eabbaa88e989
Merge: 3ba38aa 997f3df
Author: 刈刀 <jet.j.j.cheng@gmail.com>
Date:   Mon Aug 2 11:30:22 2021 +0800

    add lease、dim and client module

commit 3ba38aa81d2f0355b4455ab4be8b9624dd56246b
Author: 刈刀 <jet.j.j.cheng@gmail.com>
Date:   Mon Aug 2 11:21:45 2021 +0800

    add lease、dim and client module

commit 997f3dfc3b8ba4d3feaca97298e8da741be44d24
Author: duhenglucky <duhengforever@apache.org>
Date:   Tue Jul 13 21:07:47 2021 +0800

    first commit
